TN:
SF:src/core/UniswapV2ERC20.sol
FN:26,UniswapV2ERC20._mint
FN:32,UniswapV2ERC20._burn
FN:38,UniswapV2ERC20._approve
FN:43,UniswapV2ERC20._transfer
FN:49,UniswapV2ERC20.approve
FN:54,UniswapV2ERC20.transfer
FN:59,UniswapV2ERC20.transferFrom
FN:67,UniswapV2ERC20.permit
FNDA:0,UniswapV2ERC20._burn
FNDA:0,UniswapV2ERC20.approve
FNDA:0,UniswapV2ERC20._approve
FNDA:0,UniswapV2ERC20.permit
FNDA:2,UniswapV2ERC20._mint
FNDA:0,UniswapV2ERC20.transferFrom
FNDA:0,UniswapV2ERC20._transfer
FNDA:0,UniswapV2ERC20.transfer
FNF:8
FNH:1
BRDA:60,0,0,-
BRDA:60,0,1,-
BRDA:71,1,0,-
BRDA:71,1,1,-
BRDA:80,2,0,-
BRDA:80,2,1,-
BRF:6
BRH:0
DA:27,2
DA:28,2
DA:29,2
DA:33,0
DA:34,0
DA:35,0
DA:39,0
DA:40,0
DA:44,0
DA:45,0
DA:46,0
DA:50,0
DA:51,0
DA:55,0
DA:56,0
DA:60,0
DA:61,0
DA:63,0
DA:64,0
DA:71,0
DA:72,0
DA:79,0
DA:80,0
DA:81,0
LF:24
LH:3
end_of_record
TN:
SF:src/core/UniswapV2Factory.sol
FN:19,UniswapV2Factory.allPairsLength
FN:23,UniswapV2Factory.createPair
FN:40,UniswapV2Factory.setFeeTo
FN:45,UniswapV2Factory.setFeeToSetter
FNDA:3,UniswapV2Factory.createPair
FNDA:0,UniswapV2Factory.setFeeToSetter
FNDA:0,UniswapV2Factory.setFeeTo
FNDA:0,UniswapV2Factory.allPairsLength
FNF:4
FNH:1
BRDA:24,0,0,-
BRDA:24,0,1,3
BRDA:26,1,0,-
BRDA:26,1,1,3
BRDA:27,2,0,-
BRDA:27,2,1,3
BRDA:41,3,0,-
BRDA:41,3,1,-
BRDA:46,4,0,-
BRDA:46,4,1,-
BRF:10
BRH:3
DA:20,0
DA:24,3
DA:25,3
DA:26,3
DA:27,3
DA:28,3
DA:29,3
DA:31,3
DA:33,3
DA:34,3
DA:35,3
DA:36,3
DA:37,3
DA:41,0
DA:42,0
DA:46,0
DA:47,0
LF:17
LH:12
end_of_record
TN:
SF:src/core/UniswapV2Pair.sol
FN:41,UniswapV2Pair.getReserves
FN:47,UniswapV2Pair._safeTransfer
FN:57,UniswapV2Pair.initialize
FN:64,UniswapV2Pair._update
FN:80,UniswapV2Pair._mintFee
FN:101,UniswapV2Pair.mint
FN:125,UniswapV2Pair.burn
FN:150,UniswapV2Pair.swap
FN:186,UniswapV2Pair.skim
FN:194,UniswapV2Pair.sync
FNDA:0,UniswapV2Pair.sync
FNDA:1,UniswapV2Pair._mintFee
FNDA:0,UniswapV2Pair._safeTransfer
FNDA:1,UniswapV2Pair._update
FNDA:0,UniswapV2Pair.skim
FNDA:2,UniswapV2Pair.getReserves
FNDA:0,UniswapV2Pair.swap
FNDA:0,UniswapV2Pair.burn
FNDA:3,UniswapV2Pair.initialize
FNDA:1,UniswapV2Pair.mint
FNF:10
FNH:5
BRDA:49,0,0,-
BRDA:49,0,1,-
BRDA:58,1,0,-
BRDA:58,1,1,3
BRDA:65,2,0,-
BRDA:65,2,1,1
BRDA:68,3,0,-
BRDA:68,3,1,1
BRDA:84,4,0,-
BRDA:84,4,1,-
BRDA:85,5,0,-
BRDA:85,5,1,-
BRDA:88,6,0,-
BRDA:88,6,1,-
BRDA:92,7,0,-
BRDA:92,7,1,-
BRDA:95,8,0,-
BRDA:95,8,1,1
BRDA:110,9,0,1
BRDA:110,9,1,-
BRDA:116,10,0,-
BRDA:116,10,1,1
BRDA:120,11,0,-
BRDA:120,11,1,1
BRDA:137,12,0,-
BRDA:137,12,1,-
BRDA:145,13,0,-
BRDA:145,13,1,-
BRDA:151,14,0,-
BRDA:151,14,1,-
BRDA:153,15,0,-
BRDA:153,15,1,-
BRDA:161,16,0,-
BRDA:161,16,1,-
BRDA:162,17,0,-
BRDA:162,17,1,-
BRDA:163,18,0,-
BRDA:163,18,1,-
BRDA:164,19,0,-
BRDA:164,19,1,-
BRDA:170,20,0,-
BRDA:170,20,1,-
BRDA:175,21,0,-
BRDA:175,21,1,-
BRF:44
BRH:7
DA:42,3
DA:43,3
DA:44,3
DA:48,0
DA:49,0
DA:58,3
DA:59,3
DA:60,3
DA:65,1
DA:66,1
DA:67,1
DA:68,1
DA:70,0
DA:71,0
DA:73,1
DA:74,1
DA:75,1
DA:76,1
DA:81,1
DA:82,1
DA:83,1
DA:84,1
DA:85,0
DA:86,0
DA:87,0
DA:88,0
DA:89,0
DA:90,0
DA:91,0
DA:92,0
DA:95,1
DA:96,0
DA:102,1
DA:103,1
DA:104,1
DA:105,1
DA:106,1
DA:108,1
DA:109,1
DA:110,1
DA:111,1
DA:112,1
DA:114,0
DA:116,1
DA:117,1
DA:119,1
DA:120,1
DA:121,1
DA:126,0
DA:127,0
DA:128,0
DA:129,0
DA:130,0
DA:131,0
DA:133,0
DA:134,0
DA:135,0
DA:136,0
DA:137,0
DA:138,0
DA:139,0
DA:140,0
DA:141,0
DA:142,0
DA:144,0
DA:145,0
DA:146,0
DA:151,0
DA:152,0
DA:153,0
DA:155,0
DA:156,0
DA:159,0
DA:160,0
DA:161,0
DA:162,0
DA:163,0
DA:164,0
DA:165,0
DA:166,0
DA:168,0
DA:169,0
DA:170,0
DA:173,0
DA:174,0
DA:175,0
DA:181,0
DA:182,0
DA:187,0
DA:188,0
DA:189,0
DA:190,0
DA:195,0
LF:93
LH:34
end_of_record
TN:
SF:src/libraries/Math.sol
FN:7,Math.min
FN:12,Math.sqrt
FNDA:0,Math.min
FNDA:1,Math.sqrt
FNF:2
FNH:1
BRDA:13,0,0,54
BRDA:13,0,1,1
BRDA:20,1,0,-
BRDA:20,1,1,-
BRF:4
BRH:2
DA:8,0
DA:13,1
DA:14,1
DA:15,1
DA:16,55
DA:17,54
DA:18,54
DA:20,0
DA:21,0
LF:9
LH:6
end_of_record
TN:
SF:src/libraries/SafeMath.sol
FN:7,SafeMath.add
FN:11,SafeMath.sub
FN:15,SafeMath.mul
FNDA:0,SafeMath.add
FNDA:0,SafeMath.sub
FNDA:0,SafeMath.mul
FNF:3
FNH:0
BRDA:8,0,0,-
BRDA:8,0,1,-
BRDA:12,1,0,-
BRDA:12,1,1,-
BRDA:16,2,0,-
BRDA:16,2,1,-
BRF:6
BRH:0
DA:8,0
DA:12,0
DA:16,0
LF:3
LH:0
end_of_record
TN:
SF:src/libraries/TransferHelper.sol
FN:6,TransferHelper.safeApprove
FN:14,TransferHelper.safeTransfer
FN:22,TransferHelper.safeTransferFrom
FN:31,TransferHelper.safeTransferETH
FNDA:0,TransferHelper.safeTransferETH
FNDA:0,TransferHelper.safeApprove
FNDA:1,TransferHelper.safeTransferFrom
FNDA:0,TransferHelper.safeTransfer
FNF:4
FNH:1
BRDA:9,0,0,-
BRDA:9,0,1,-
BRDA:17,1,0,-
BRDA:17,1,1,-
BRDA:25,2,0,-
BRDA:25,2,1,1
BRDA:33,3,0,-
BRDA:33,3,1,-
BRF:8
BRH:1
DA:8,0
DA:9,0
DA:16,0
DA:17,0
DA:24,1
DA:25,1
DA:32,0
DA:33,0
LF:8
LH:2
end_of_record
TN:
SF:src/libraries/UQ112x112.sol
FN:13,UQ112x112.encode
FN:18,UQ112x112.uqdiv
FNDA:0,UQ112x112.encode
FNDA:0,UQ112x112.uqdiv
FNF:2
FNH:0
DA:14,0
DA:19,0
LF:2
LH:0
end_of_record
TN:
SF:src/libraries/UniswapV2Library.sol
FN:11,UniswapV2Library.sortTokens
FN:18,UniswapV2Library.pairFor
FN:35,UniswapV2Library.getReserves
FN:46,UniswapV2Library.quote
FN:53,UniswapV2Library.getAmountOut
FN:67,UniswapV2Library.getAmountIn
FN:80,UniswapV2Library.getAmountsOut
FN:95,UniswapV2Library.getAmountsIn
FNDA:0,UniswapV2Library.getAmountIn
FNDA:0,UniswapV2Library.getAmountOut
FNDA:2,UniswapV2Library.pairFor
FNDA:3,UniswapV2Library.sortTokens
FNDA:0,UniswapV2Library.quote
FNDA:0,UniswapV2Library.getAmountsIn
FNDA:0,UniswapV2Library.getAmountsOut
FNDA:1,UniswapV2Library.getReserves
FNF:8
FNH:3
BRDA:12,0,0,-
BRDA:12,0,1,3
BRDA:14,1,0,-
BRDA:14,1,1,3
BRDA:47,2,0,-
BRDA:47,2,1,-
BRDA:48,3,0,-
BRDA:48,3,1,-
BRDA:58,4,0,-
BRDA:58,4,1,-
BRDA:59,5,0,-
BRDA:59,5,1,-
BRDA:72,6,0,-
BRDA:72,6,1,-
BRDA:73,7,0,-
BRDA:73,7,1,-
BRDA:85,8,0,-
BRDA:85,8,1,-
BRDA:100,9,0,-
BRDA:100,9,1,-
BRF:20
BRH:2
DA:12,3
DA:13,3
DA:14,3
DA:19,2
DA:20,2
DA:21,2
DA:40,1
DA:41,1
DA:42,1
DA:47,0
DA:48,0
DA:49,0
DA:58,0
DA:59,0
DA:60,0
DA:61,0
DA:62,0
DA:63,0
DA:72,0
DA:73,0
DA:74,0
DA:75,0
DA:76,0
DA:85,0
DA:86,0
DA:87,0
DA:88,0
DA:89,0
DA:90,0
DA:100,0
DA:101,0
DA:102,0
DA:103,0
DA:104,0
DA:105,0
LF:35
LH:9
end_of_record
TN:
SF:src/mock/WETH.sol
FN:19,WETH.
FN:27,WETH.deposit
FN:32,WETH.withdraw
FN:39,WETH.totalSupply
FN:43,WETH.approve
FN:49,WETH.transfer
FN:53,WETH.transferFrom
FNDA:0,WETH.approve
FNDA:1,WETH.deposit
FNDA:0,WETH.totalSupply
FNDA:1,WETH.transfer
FNDA:0,WETH.
FNDA:0,WETH.transferFrom
FNDA:0,WETH.withdraw
FNF:7
FNH:2
BRDA:33,0,0,-
BRDA:33,0,1,-
BRDA:54,1,0,-
BRDA:54,1,1,1
BRDA:56,2,0,-
BRDA:56,2,1,-
BRDA:57,3,0,-
BRDA:57,3,1,-
BRF:8
BRH:1
DA:20,0
DA:28,1
DA:29,1
DA:33,0
DA:34,0
DA:35,0
DA:36,0
DA:40,0
DA:44,0
DA:45,0
DA:46,0
DA:50,1
DA:54,1
DA:56,1
DA:57,0
DA:58,0
DA:61,1
DA:62,1
DA:64,1
DA:66,1
LF:20
LH:9
end_of_record
TN:
SF:src/periphery/UniswapV2Router02.sol
FN:35,UniswapV2Router02._addLiquidity
FN:64,UniswapV2Router02.addLiquidity
FN:81,UniswapV2Router02.addLiquidityETH
FN:108,UniswapV2Router02.removeLiquidity
FN:126,UniswapV2Router02.removeLiquidityETH
FN:141,UniswapV2Router02.removeLiquidityWithPermit
FN:160,UniswapV2Router02.removeLiquidityETHWithPermit
FN:179,UniswapV2Router02.removeLiquidityETHSupportingFeeOnTransferTokens
FN:193,UniswapV2Router02.removeLiquidityETHWithPermitSupportingFeeOnTransferTokens
FN:215,UniswapV2Router02._swap
FN:229,UniswapV2Router02.swapExactTokensForTokens
FN:244,UniswapV2Router02.swapTokensForExactTokens
FN:259,UniswapV2Router02.swapExactETHForTokens
FN:275,UniswapV2Router02.swapTokensForExactETH
FN:293,UniswapV2Router02.swapExactTokensForETH
FN:311,UniswapV2Router02.swapETHForExactTokens
FN:331,UniswapV2Router02._swapSupportingFeeOnTransferTokens
FN:353,UniswapV2Router02.swapExactTokensForTokensSupportingFeeOnTransferTokens
FN:371,UniswapV2Router02.swapExactETHForTokensSupportingFeeOnTransferTokens
FN:389,UniswapV2Router02.swapExactTokensForETHSupportingFeeOnTransferTokens
FN:408,UniswapV2Router02.quote
FN:418,UniswapV2Router02.getAmountOut
FN:428,UniswapV2Router02.getAmountIn
FN:438,UniswapV2Router02.getAmountsOut
FN:448,UniswapV2Router02.getAmountsIn
FNDA:0,UniswapV2Router02.swapExactTokensForETHSupportingFeeOnTransferTokens
FNDA:0,UniswapV2Router02.swapExactTokensForETH
FNDA:0,UniswapV2Router02.removeLiquidityETHWithPermit
FNDA:0,UniswapV2Router02.swapExactTokensForTokens
FNDA:0,UniswapV2Router02.getAmountOut
FNDA:0,UniswapV2Router02._swapSupportingFeeOnTransferTokens
FNDA:0,UniswapV2Router02.swapETHForExactTokens
FNDA:0,UniswapV2Router02.swapExactETHForTokens
FNDA:0,UniswapV2Router02.removeLiquidity
FNDA:0,UniswapV2Router02.getAmountsIn
FNDA:1,UniswapV2Router02.addLiquidityETH
FNDA:0,UniswapV2Router02.addLiquidity
FNDA:0,UniswapV2Router02.removeLiquidityETHWithPermitSupportingFeeOnTransferTokens
FNDA:0,UniswapV2Router02.getAmountIn
FNDA:1,UniswapV2Router02._addLiquidity
FNDA:0,UniswapV2Router02.swapExactTokensForTokensSupportingFeeOnTransferTokens
FNDA:0,UniswapV2Router02.swapTokensForExactTokens
FNDA:0,UniswapV2Router02.swapTokensForExactETH
FNDA:0,UniswapV2Router02.quote
FNDA:0,UniswapV2Router02.removeLiquidityETH
FNDA:0,UniswapV2Router02.swapExactETHForTokensSupportingFeeOnTransferTokens
FNDA:0,UniswapV2Router02.removeLiquidityETHSupportingFeeOnTransferTokens
FNDA:0,UniswapV2Router02._swap
FNDA:0,UniswapV2Router02.getAmountsOut
FNDA:0,UniswapV2Router02.removeLiquidityWithPermit
FNF:25
FNH:2
BRDA:44,0,0,-
BRDA:44,0,1,1
BRDA:48,1,0,1
BRDA:48,1,1,-
BRDA:52,2,0,-
BRDA:52,2,1,-
BRDA:53,3,0,-
BRDA:53,3,1,-
BRDA:57,4,0,-
BRDA:57,4,1,-
BRDA:58,5,0,-
BRDA:58,5,1,-
BRDA:101,6,0,-
BRDA:101,6,1,1
BRDA:104,7,0,-
BRDA:104,7,1,1
BRDA:122,8,0,-
BRDA:122,8,1,-
BRDA:123,9,0,-
BRDA:123,9,1,-
BRDA:237,10,0,-
BRDA:237,10,1,-
BRDA:252,11,0,-
BRDA:252,11,1,-
BRDA:267,12,0,-
BRDA:267,12,1,-
BRDA:269,13,0,-
BRDA:269,13,1,-
BRDA:271,14,0,-
BRDA:271,14,1,-
BRDA:282,15,0,-
BRDA:282,15,1,-
BRDA:284,16,0,-
BRDA:284,16,1,-
BRDA:300,17,0,-
BRDA:300,17,1,-
BRDA:302,18,0,-
BRDA:302,18,1,-
BRDA:319,19,0,-
BRDA:319,19,1,-
BRDA:321,20,0,-
BRDA:321,20,1,-
BRDA:323,21,0,-
BRDA:323,21,1,-
BRDA:326,22,0,-
BRDA:326,22,1,-
BRDA:365,23,0,-
BRDA:365,23,1,-
BRDA:377,24,0,-
BRDA:377,24,1,-
BRDA:380,25,0,-
BRDA:380,25,1,-
BRDA:383,26,0,-
BRDA:383,26,1,-
BRDA:396,27,0,-
BRDA:396,27,1,-
BRDA:402,28,0,-
BRDA:402,28,1,-
BRF:58
BRH:4
DA:44,1
DA:45,1
DA:47,1
DA:48,1
DA:49,1
DA:51,0
DA:52,0
DA:53,0
DA:54,0
DA:56,0
DA:57,0
DA:58,0
DA:59,0
DA:74,0
DA:75,0
DA:76,0
DA:77,0
DA:78,0
DA:96,1
DA:98,1
DA:99,1
DA:100,1
DA:101,1
DA:102,1
DA:104,1
DA:117,0
DA:118,0
DA:119,0
DA:120,0
DA:121,0
DA:122,0
DA:123,0
DA:134,0
DA:136,0
DA:137,0
DA:138,0
DA:154,0
DA:155,0
DA:156,0
DA:157,0
DA:172,0
DA:173,0
DA:174,0
DA:175,0
DA:187,0
DA:188,0
DA:189,0
DA:190,0
DA:205,0
DA:206,0
DA:207,0
DA:208,0
DA:216,0
DA:217,0
DA:218,0
DA:219,0
DA:220,0
DA:221,0
DA:222,0
DA:223,0
DA:236,0
DA:237,0
DA:238,0
DA:241,0
DA:251,0
DA:252,0
DA:253,0
DA:256,0
DA:267,0
DA:268,0
DA:269,0
DA:270,0
DA:271,0
DA:272,0
DA:282,0
DA:283,0
DA:284,0
DA:285,0
DA:288,0
DA:289,0
DA:290,0
DA:300,0
DA:301,0
DA:302,0
DA:303,0
DA:306,0
DA:307,0
DA:308,0
DA:319,0
DA:320,0
DA:321,0
DA:322,0
DA:323,0
DA:324,0
DA:326,0
DA:332,0
DA:333,0
DA:334,0
DA:335,0
DA:336,0
DA:337,0
DA:340,0
DA:341,0
DA:342,0
DA:343,0
DA:344,0
DA:346,0
DA:347,0
DA:348,0
DA:349,0
DA:360,0
DA:363,0
DA:364,0
DA:365,0
DA:377,0
DA:378,0
DA:379,0
DA:380,0
DA:381,0
DA:382,0
DA:383,0
DA:396,0
DA:397,0
DA:400,0
DA:401,0
DA:402,0
DA:403,0
DA:404,0
DA:415,0
DA:425,0
DA:435,0
DA:445,0
DA:455,0
LF:133
LH:12
end_of_record
TN:
SF:test/Uniswap.t.sol
FN:20,USDT.decimals
FN:24,USDT.mint
FNDA:0,USDT.decimals
FNDA:1,USDT.mint
FNF:2
FNH:1
DA:21,0
DA:25,1
LF:2
LH:1
end_of_record
